Determining if the pthread_create exist failed with the following output:
Change Dir: /home/fabio/catkin_ws/src/ROS/build/CMakeFiles/CMakeTmp

Run Build Command:"/usr/bin/make" "cmTC_cfcfa/fast"
/usr/bin/make -f CMakeFiles/cmTC_cfcfa.dir/build.make CMakeFiles/cmTC_cfcfa.dir/build
make[1]: Entering directory '/home/fabio/catkin_ws/src/ROS/build/CMakeFiles/CMakeTmp'
Building C object CMakeFiles/cmTC_cfcfa.dir/CheckSymbolExists.c.o
/usr/bin/cc    -o CMakeFiles/cmTC_cfcfa.dir/CheckSymbolExists.c.o   -c /home/fabio/catkin_ws/src/ROS/build/CMakeFiles/CMakeTmp/CheckSymbolExists.c
Linking C executable cmTC_cfcfa
/usr/bin/cmake -E cmake_link_script CMakeFiles/cmTC_cfcfa.dir/link.txt --verbose=1
/usr/bin/cc      -rdynamic CMakeFiles/cmTC_cfcfa.dir/CheckSymbolExists.c.o  -o cmTC_cfcfa 
CMakeFiles/cmTC_cfcfa.dir/CheckSymbolExists.c.o: In function `main':
CheckSymbolExists.c:(.text+0x1b): undefined reference to `pthread_create'
collect2: error: ld returned 1 exit status
CMakeFiles/cmTC_cfcfa.dir/build.make:97: recipe for target 'cmTC_cfcfa' failed
make[1]: *** [cmTC_cfcfa] Error 1
make[1]: Leaving directory '/home/fabio/catkin_ws/src/ROS/build/CMakeFiles/CMakeTmp'
Makefile:126: recipe for target 'cmTC_cfcfa/fast' failed
make: *** [cmTC_cfcfa/fast] Error 2

File /home/fabio/catkin_ws/src/ROS/build/CMakeFiles/CMakeTmp/CheckSymbolExists.c:
/* */
#include <pthread.h>

int main(int argc, char** argv)
{
  (void)argv;
#ifndef pthread_create
  return ((int*)(&pthread_create))[argc];
#else
  (void)argc;
  return 0;
#endif
}

Determining if the function pthread_create exists in the pthreads failed with the following output:
Change Dir: /home/fabio/catkin_ws/src/ROS/build/CMakeFiles/CMakeTmp

Run Build Command:"/usr/bin/make" "cmTC_3a61d/fast"
/usr/bin/make -f CMakeFiles/cmTC_3a61d.dir/build.make CMakeFiles/cmTC_3a61d.dir/build
make[1]: Entering directory '/home/fabio/catkin_ws/src/ROS/build/CMakeFiles/CMakeTmp'
Building C object CMakeFiles/cmTC_3a61d.dir/CheckFunctionExists.c.o
/usr/bin/cc   -DCHECK_FUNCTION_EXISTS=pthread_create   -o CMakeFiles/cmTC_3a61d.dir/CheckFunctionExists.c.o   -c /usr/share/cmake-3.10/Modules/CheckFunctionExists.c
Linking C executable cmTC_3a61d
/usr/bin/cmake -E cmake_link_script CMakeFiles/cmTC_3a61d.dir/link.txt --verbose=1
/usr/bin/cc  -DCHECK_FUNCTION_EXISTS=pthread_create    -rdynamic CMakeFiles/cmTC_3a61d.dir/CheckFunctionExists.c.o  -o cmTC_3a61d -lpthreads 
/usr/bin/ld: cannot find -lpthreads
collect2: error: ld returned 1 exit status
CMakeFiles/cmTC_3a61d.dir/build.make:97: recipe for target 'cmTC_3a61d' failed
make[1]: *** [cmTC_3a61d] Error 1
make[1]: Leaving directory '/home/fabio/catkin_ws/src/ROS/build/CMakeFiles/CMakeTmp'
Makefile:126: recipe for target 'cmTC_3a61d/fast' failed
make: *** [cmTC_3a61d/fast] Error 2


