Determining if the pthread_create exist failed with the following output:
Change Dir: /tmp/quickstart_ws/build/pkg_d/CMakeFiles/CMakeTmp

Run Build Command:"/usr/bin/make" "cmTC_3c8a1/fast"
/usr/bin/make -f CMakeFiles/cmTC_3c8a1.dir/build.make CMakeFiles/cmTC_3c8a1.dir/build
make[1]: Entering directory '/tmp/quickstart_ws/build/pkg_d/CMakeFiles/CMakeTmp'
Building C object CMakeFiles/cmTC_3c8a1.dir/CheckSymbolExists.c.o
/usr/bin/cc    -o CMakeFiles/cmTC_3c8a1.dir/CheckSymbolExists.c.o   -c /tmp/quickstart_ws/build/pkg_d/CMakeFiles/CMakeTmp/CheckSymbolExists.c
Linking C executable cmTC_3c8a1
/usr/bin/cmake -E cmake_link_script CMakeFiles/cmTC_3c8a1.dir/link.txt --verbose=1
/usr/bin/cc      -rdynamic CMakeFiles/cmTC_3c8a1.dir/CheckSymbolExists.c.o  -o cmTC_3c8a1 
CMakeFiles/cmTC_3c8a1.dir/CheckSymbolExists.c.o: In function `main':
CheckSymbolExists.c:(.text+0x1b): undefined reference to `pthread_create'
collect2: error: ld returned 1 exit status
CMakeFiles/cmTC_3c8a1.dir/build.make:97: recipe for target 'cmTC_3c8a1' failed
make[1]: *** [cmTC_3c8a1] Error 1
make[1]: Leaving directory '/tmp/quickstart_ws/build/pkg_d/CMakeFiles/CMakeTmp'
Makefile:126: recipe for target 'cmTC_3c8a1/fast' failed
make: *** [cmTC_3c8a1/fast] Error 2

File /tmp/quickstart_ws/build/pkg_d/CMakeFiles/CMakeTmp/CheckSymbolExists.c:
/* */
#include <pthread.h>

int main(int argc, char** argv)
{
  (void)argv;
#ifndef pthread_create
  return ((int*)(&pthread_create))[argc];
#else
  (void)argc;
  return 0;
#endif
}

Determining if the function pthread_create exists in the pthreads failed with the following output:
Change Dir: /tmp/quickstart_ws/build/pkg_d/CMakeFiles/CMakeTmp

Run Build Command:"/usr/bin/make" "cmTC_fbf64/fast"
/usr/bin/make -f CMakeFiles/cmTC_fbf64.dir/build.make CMakeFiles/cmTC_fbf64.dir/build
make[1]: Entering directory '/tmp/quickstart_ws/build/pkg_d/CMakeFiles/CMakeTmp'
Building C object CMakeFiles/cmTC_fbf64.dir/CheckFunctionExists.c.o
/usr/bin/cc   -DCHECK_FUNCTION_EXISTS=pthread_create   -o CMakeFiles/cmTC_fbf64.dir/CheckFunctionExists.c.o   -c /usr/share/cmake-3.10/Modules/CheckFunctionExists.c
Linking C executable cmTC_fbf64
/usr/bin/cmake -E cmake_link_script CMakeFiles/cmTC_fbf64.dir/link.txt --verbose=1
/usr/bin/cc  -DCHECK_FUNCTION_EXISTS=pthread_create    -rdynamic CMakeFiles/cmTC_fbf64.dir/CheckFunctionExists.c.o  -o cmTC_fbf64 -lpthreads 
/usr/bin/ld: cannot find -lpthreads
collect2: error: ld returned 1 exit status
CMakeFiles/cmTC_fbf64.dir/build.make:97: recipe for target 'cmTC_fbf64' failed
make[1]: *** [cmTC_fbf64] Error 1
make[1]: Leaving directory '/tmp/quickstart_ws/build/pkg_d/CMakeFiles/CMakeTmp'
Makefile:126: recipe for target 'cmTC_fbf64/fast' failed
make: *** [cmTC_fbf64/fast] Error 2


