[35m[1mScanning dependencies of target std_msgs_generate_messages_py[0m
[  0%] Built target std_msgs_generate_messages_py
[35m[1mScanning dependencies of target _ROS_generate_messages_check_deps_Num[0m
[  0%] Built target _ROS_generate_messages_check_deps_Num
[35m[1mScanning dependencies of target _ROS_generate_messages_check_deps_AddTwoInts[0m
[  0%] Built target _ROS_generate_messages_check_deps_AddTwoInts
[35m[1mScanning dependencies of target std_msgs_generate_messages_cpp[0m
[  0%] Built target std_msgs_generate_messages_cpp
[35m[1mScanning dependencies of target std_msgs_generate_messages_nodejs[0m
[  0%] Built target std_msgs_generate_messages_nodejs
[35m[1mScanning dependencies of target std_msgs_generate_messages_eus[0m
[  0%] Built target std_msgs_generate_messages_eus
[35m[1mScanning dependencies of target std_msgs_generate_messages_lisp[0m
[  0%] Built target std_msgs_generate_messages_lisp
[35m[1mScanning dependencies of target ROS_generate_messages_py[0m
[  7%] [34m[1mGenerating Python from MSG ROS/Num[0m
[ 15%] [34m[1mGenerating Python code from SRV ROS/AddTwoInts[0m
[ 23%] [34m[1mGenerating Python msg __init__.py for ROS[0m
[ 30%] [34m[1mGenerating Python srv __init__.py for ROS[0m
[ 30%] Built target ROS_generate_messages_py
[35m[1mScanning dependencies of target ROS_generate_messages_cpp[0m
[ 38%] [34m[1mGenerating C++ code from ROS/Num.msg[0m
[ 46%] [34m[1mGenerating C++ code from ROS/AddTwoInts.srv[0m
[ 46%] Built target ROS_generate_messages_cpp
[35m[1mScanning dependencies of target ROS_generate_messages_nodejs[0m
[ 53%] [34m[1mGenerating Javascript code from ROS/Num.msg[0m
[ 61%] [34m[1mGenerating Javascript code from ROS/AddTwoInts.srv[0m
[ 61%] Built target ROS_generate_messages_nodejs
[35m[1mScanning dependencies of target ROS_generate_messages_eus[0m
[ 69%] [34m[1mGenerating EusLisp code from ROS/Num.msg[0m
[ 76%] [34m[1mGenerating EusLisp code from ROS/AddTwoInts.srv[0m
[ 84%] [34m[1mGenerating EusLisp manifest code for ROS[0m
WARNING: Package name "ROS" does not follow the naming conventions. It should start with a lower case letter and only contain lower case letters, digits, underscores, and dashes.
WARNING: Package name "ROS" does not follow the naming conventions. It should start with a lower case letter and only contain lower case letters, digits, underscores, and dashes.
WARNING: Package name "ROS" does not follow the naming conventions. It should start with a lower case letter and only contain lower case letters, digits, underscores, and dashes.
WARNING: Package name "ROS" does not follow the naming conventions. It should start with a lower case letter and only contain lower case letters, digits, underscores, and dashes.
WARNING: Package name "ROS" does not follow the naming conventions. It should start with a lower case letter and only contain lower case letters, digits, underscores, and dashes.
[ 84%] Built target ROS_generate_messages_eus
[35m[1mScanning dependencies of target ROS_generate_messages_lisp[0m
[ 92%] [34m[1mGenerating Lisp code from ROS/Num.msg[0m
[100%] [34m[1mGenerating Lisp code from ROS/AddTwoInts.srv[0m
[100%] Built target ROS_generate_messages_lisp
[35m[1mScanning dependencies of target ROS_generate_messages[0m
[100%] Built target ROS_generate_messages
