[ 11%] Built target talker
[ 23%] Built target listener
[35m[1mScanning dependencies of target turtlesim_generate_messages_cpp[0m
[ 23%] Built target turtlesim_generate_messages_cpp
[ 23%] Built target _ROS_generate_messages_check_deps_Num
[ 23%] Built target _ROS_generate_messages_check_deps_AddTwoInts
[ 23%] Built target std_msgs_generate_messages_cpp
[35m[1mScanning dependencies of target geometry_msgs_generate_messages_cpp[0m
[ 23%] Built target geometry_msgs_generate_messages_cpp
[35m[1mScanning dependencies of target turtlesim_generate_messages_py[0m
[ 23%] Built target turtlesim_generate_messages_py
[ 23%] Built target std_msgs_generate_messages_py
[35m[1mScanning dependencies of target geometry_msgs_generate_messages_py[0m
[ 23%] Built target geometry_msgs_generate_messages_py
[35m[1mScanning dependencies of target turtlesim_generate_messages_lisp[0m
[ 23%] Built target turtlesim_generate_messages_lisp
[ 23%] Built target std_msgs_generate_messages_lisp
[35m[1mScanning dependencies of target geometry_msgs_generate_messages_lisp[0m
[ 23%] Built target geometry_msgs_generate_messages_lisp
[35m[1mScanning dependencies of target turtlesim_generate_messages_eus[0m
[ 23%] Built target turtlesim_generate_messages_eus
[ 23%] Built target std_msgs_generate_messages_eus
[35m[1mScanning dependencies of target geometry_msgs_generate_messages_eus[0m
[ 23%] Built target geometry_msgs_generate_messages_eus
[35m[1mScanning dependencies of target turtlesim_generate_messages_nodejs[0m
[ 23%] Built target turtlesim_generate_messages_nodejs
[35m[1mScanning dependencies of target geometry_msgs_generate_messages_nodejs[0m
[ 23%] Built target geometry_msgs_generate_messages_nodejs
[ 23%] Built target std_msgs_generate_messages_nodejs
[ 29%] [34m[1mGenerating C++ code from ROS/Num.msg[0m
[ 35%] [34m[1mGenerating C++ code from ROS/AddTwoInts.srv[0m
[ 35%] Built target ROS_generate_messages_cpp
[ 41%] [34m[1mGenerating Python from MSG ROS/Num[0m
[ 47%] [34m[1mGenerating Python code from SRV ROS/AddTwoInts[0m
[ 52%] [34m[1mGenerating Python msg __init__.py for ROS[0m
[ 58%] [34m[1mGenerating Python srv __init__.py for ROS[0m
[ 58%] Built target ROS_generate_messages_py
[ 64%] [34m[1mGenerating Lisp code from ROS/Num.msg[0m
[ 70%] [34m[1mGenerating Lisp code from ROS/AddTwoInts.srv[0m
[ 70%] Built target ROS_generate_messages_lisp
[ 76%] [34m[1mGenerating EusLisp code from ROS/Num.msg[0m
[ 82%] [34m[1mGenerating EusLisp code from ROS/AddTwoInts.srv[0m
[ 88%] [34m[1mGenerating EusLisp manifest code for ROS[0m
WARNING: Package name "ROS" does not follow the naming conventions. It should start with a lower case letter and only contain lower case letters, digits, underscores, and dashes.
WARNING: Package name "ROS" does not follow the naming conventions. It should start with a lower case letter and only contain lower case letters, digits, underscores, and dashes.
WARNING: Package name "ROS" does not follow the naming conventions. It should start with a lower case letter and only contain lower case letters, digits, underscores, and dashes.
WARNING: Package name "ROS" does not follow the naming conventions. It should start with a lower case letter and only contain lower case letters, digits, underscores, and dashes.
WARNING: Package name "ROS" does not follow the naming conventions. It should start with a lower case letter and only contain lower case letters, digits, underscores, and dashes.
[ 88%] Built target ROS_generate_messages_eus
[ 94%] [34m[1mGenerating Javascript code from ROS/Num.msg[0m
[100%] [34m[1mGenerating Javascript code from ROS/AddTwoInts.srv[0m
[100%] Built target ROS_generate_messages_nodejs
[100%] Built target ROS_generate_messages
