[35m[1mScanning dependencies of target _beginner_tutorials_generate_messages_check_deps_AddTwoInts[0m
[  0%] Built target _beginner_tutorials_generate_messages_check_deps_AddTwoInts
[35m[1mScanning dependencies of target _beginner_tutorials_generate_messages_check_deps_Num[0m
[  0%] Built target _beginner_tutorials_generate_messages_check_deps_Num
[35m[1mScanning dependencies of target std_msgs_generate_messages_lisp[0m
[  0%] Built target std_msgs_generate_messages_lisp
[35m[1mScanning dependencies of target std_msgs_generate_messages_py[0m
[  0%] Built target std_msgs_generate_messages_py
[35m[1mScanning dependencies of target std_msgs_generate_messages_eus[0m
[  0%] Built target std_msgs_generate_messages_eus
[35m[1mScanning dependencies of target std_msgs_generate_messages_cpp[0m
[  0%] Built target std_msgs_generate_messages_cpp
[35m[1mScanning dependencies of target std_msgs_generate_messages_nodejs[0m
[  0%] Built target std_msgs_generate_messages_nodejs
[35m[1mScanning dependencies of target beginner_tutorials_generate_messages_lisp[0m
[  5%] [34m[1mGenerating Lisp code from beginner_tutorials/Num.msg[0m
[ 11%] [34m[1mGenerating Lisp code from beginner_tutorials/AddTwoInts.srv[0m
[ 11%] Built target beginner_tutorials_generate_messages_lisp
[35m[1mScanning dependencies of target beginner_tutorials_generate_messages_py[0m
[ 17%] [34m[1mGenerating Python from MSG beginner_tutorials/Num[0m
[ 23%] [34m[1mGenerating Python code from SRV beginner_tutorials/AddTwoInts[0m
[ 29%] [34m[1mGenerating Python msg __init__.py for beginner_tutorials[0m
[ 35%] [34m[1mGenerating Python srv __init__.py for beginner_tutorials[0m
[ 35%] Built target beginner_tutorials_generate_messages_py
[35m[1mScanning dependencies of target beginner_tutorials_generate_messages_eus[0m
[ 41%] [34m[1mGenerating EusLisp code from beginner_tutorials/Num.msg[0m
[ 47%] [34m[1mGenerating EusLisp code from beginner_tutorials/AddTwoInts.srv[0m
[ 52%] [34m[1mGenerating EusLisp manifest code for beginner_tutorials[0m
[ 52%] Built target beginner_tutorials_generate_messages_eus
[35m[1mScanning dependencies of target beginner_tutorials_generate_messages_cpp[0m
[ 58%] [34m[1mGenerating C++ code from beginner_tutorials/Num.msg[0m
[ 64%] [34m[1mGenerating C++ code from beginner_tutorials/AddTwoInts.srv[0m
[ 64%] Built target beginner_tutorials_generate_messages_cpp
[35m[1mScanning dependencies of target beginner_tutorials_generate_messages_nodejs[0m
[ 70%] [34m[1mGenerating Javascript code from beginner_tutorials/Num.msg[0m
[ 76%] [34m[1mGenerating Javascript code from beginner_tutorials/AddTwoInts.srv[0m
[ 76%] Built target beginner_tutorials_generate_messages_nodejs
[35m[1mScanning dependencies of target listener[0m
[ 82%] [32mBuilding CXX object CMakeFiles/listener.dir/src/listener.cpp.o[0m
[ 88%] [32m[1mLinking CXX executable /home/fabio/catkin_ws/devel/.private/beginner_tutorials/lib/beginner_tutorials/listener[0m
[ 88%] Built target listener
[35m[1mScanning dependencies of target talker[0m
[ 94%] [32mBuilding CXX object CMakeFiles/talker.dir/src/talker.cpp.o[0m
[100%] [32m[1mLinking CXX executable /home/fabio/catkin_ws/devel/.private/beginner_tutorials/lib/beginner_tutorials/talker[0m
[100%] Built target talker
[35m[1mScanning dependencies of target beginner_tutorials_generate_messages[0m
[100%] Built target beginner_tutorials_generate_messages
