Determining if the pthread_create exist failed with the following output:
Change Dir: /home/fabio/catkin_ws/build/ROS/CMakeFiles/CMakeTmp

Run Build Command:"/usr/bin/make" "cmTC_efacd/fast"
/usr/bin/make -f CMakeFiles/cmTC_efacd.dir/build.make CMakeFiles/cmTC_efacd.dir/build
make[1]: Entering directory '/home/fabio/catkin_ws/build/ROS/CMakeFiles/CMakeTmp'
Building C object CMakeFiles/cmTC_efacd.dir/CheckSymbolExists.c.o
/usr/bin/cc    -o CMakeFiles/cmTC_efacd.dir/CheckSymbolExists.c.o   -c /home/fabio/catkin_ws/build/ROS/CMakeFiles/CMakeTmp/CheckSymbolExists.c
Linking C executable cmTC_efacd
/usr/bin/cmake -E cmake_link_script CMakeFiles/cmTC_efacd.dir/link.txt --verbose=1
/usr/bin/cc      -rdynamic CMakeFiles/cmTC_efacd.dir/CheckSymbolExists.c.o  -o cmTC_efacd 
CMakeFiles/cmTC_efacd.dir/CheckSymbolExists.c.o: In function `main':
CheckSymbolExists.c:(.text+0x1b): undefined reference to `pthread_create'
collect2: error: ld returned 1 exit status
CMakeFiles/cmTC_efacd.dir/build.make:97: recipe for target 'cmTC_efacd' failed
make[1]: *** [cmTC_efacd] Error 1
make[1]: Leaving directory '/home/fabio/catkin_ws/build/ROS/CMakeFiles/CMakeTmp'
Makefile:126: recipe for target 'cmTC_efacd/fast' failed
make: *** [cmTC_efacd/fast] Error 2

File /home/fabio/catkin_ws/build/ROS/CMakeFiles/CMakeTmp/CheckSymbolExists.c:
/* */
#include <pthread.h>

int main(int argc, char** argv)
{
  (void)argv;
#ifndef pthread_create
  return ((int*)(&pthread_create))[argc];
#else
  (void)argc;
  return 0;
#endif
}

Determining if the function pthread_create exists in the pthreads failed with the following output:
Change Dir: /home/fabio/catkin_ws/build/ROS/CMakeFiles/CMakeTmp

Run Build Command:"/usr/bin/make" "cmTC_d7784/fast"
/usr/bin/make -f CMakeFiles/cmTC_d7784.dir/build.make CMakeFiles/cmTC_d7784.dir/build
make[1]: Entering directory '/home/fabio/catkin_ws/build/ROS/CMakeFiles/CMakeTmp'
Building C object CMakeFiles/cmTC_d7784.dir/CheckFunctionExists.c.o
/usr/bin/cc   -DCHECK_FUNCTION_EXISTS=pthread_create   -o CMakeFiles/cmTC_d7784.dir/CheckFunctionExists.c.o   -c /usr/share/cmake-3.10/Modules/CheckFunctionExists.c
Linking C executable cmTC_d7784
/usr/bin/cmake -E cmake_link_script CMakeFiles/cmTC_d7784.dir/link.txt --verbose=1
/usr/bin/cc  -DCHECK_FUNCTION_EXISTS=pthread_create    -rdynamic CMakeFiles/cmTC_d7784.dir/CheckFunctionExists.c.o  -o cmTC_d7784 -lpthreads 
/usr/bin/ld: cannot find -lpthreads
collect2: error: ld returned 1 exit status
CMakeFiles/cmTC_d7784.dir/build.make:97: recipe for target 'cmTC_d7784' failed
make[1]: *** [cmTC_d7784] Error 1
make[1]: Leaving directory '/home/fabio/catkin_ws/build/ROS/CMakeFiles/CMakeTmp'
Makefile:126: recipe for target 'cmTC_d7784/fast' failed
make: *** [cmTC_d7784/fast] Error 2


