Linked: (/home/fabio/catkin_ws/devel/.private/ROS/lib/pkgconfig/ROS.pc, /home/fabio/catkin_ws/devel/lib/pkgconfig/ROS.pc)
Linked: (/home/fabio/catkin_ws/devel/.private/ROS/lib/python2.7/dist-packages/ROS/__init__.py, /home/fabio/catkin_ws/devel/lib/python2.7/dist-packages/ROS/__init__.py)
Linked: (/home/fabio/catkin_ws/devel/.private/ROS/lib/python2.7/dist-packages/ROS/srv/_AddTwoInts.py, /home/fabio/catkin_ws/devel/lib/python2.7/dist-packages/ROS/srv/_AddTwoInts.py)
Linked: (/home/fabio/catkin_ws/devel/.private/ROS/lib/python2.7/dist-packages/ROS/srv/__init__.py, /home/fabio/catkin_ws/devel/lib/python2.7/dist-packages/ROS/srv/__init__.py)
Linked: (/home/fabio/catkin_ws/devel/.private/ROS/lib/python2.7/dist-packages/ROS/msg/_Num.py, /home/fabio/catkin_ws/devel/lib/python2.7/dist-packages/ROS/msg/_Num.py)
Linked: (/home/fabio/catkin_ws/devel/.private/ROS/lib/python2.7/dist-packages/ROS/msg/__init__.py, /home/fabio/catkin_ws/devel/lib/python2.7/dist-packages/ROS/msg/__init__.py)
Linked: (/home/fabio/catkin_ws/devel/.private/ROS/lib/ROS/listener, /home/fabio/catkin_ws/devel/lib/ROS/listener)
Linked: (/home/fabio/catkin_ws/devel/.private/ROS/lib/ROS/talker, /home/fabio/catkin_ws/devel/lib/ROS/talker)
Linked: (/home/fabio/catkin_ws/devel/.private/ROS/share/gennodejs/ros/ROS/_index.js, /home/fabio/catkin_ws/devel/share/gennodejs/ros/ROS/_index.js)
Linked: (/home/fabio/catkin_ws/devel/.private/ROS/share/gennodejs/ros/ROS/srv/AddTwoInts.js, /home/fabio/catkin_ws/devel/share/gennodejs/ros/ROS/srv/AddTwoInts.js)
Linked: (/home/fabio/catkin_ws/devel/.private/ROS/share/gennodejs/ros/ROS/srv/_index.js, /home/fabio/catkin_ws/devel/share/gennodejs/ros/ROS/srv/_index.js)
Linked: (/home/fabio/catkin_ws/devel/.private/ROS/share/gennodejs/ros/ROS/msg/Num.js, /home/fabio/catkin_ws/devel/share/gennodejs/ros/ROS/msg/Num.js)
Linked: (/home/fabio/catkin_ws/devel/.private/ROS/share/gennodejs/ros/ROS/msg/_index.js, /home/fabio/catkin_ws/devel/share/gennodejs/ros/ROS/msg/_index.js)
Linked: (/home/fabio/catkin_ws/devel/.private/ROS/share/common-lisp/ros/ROS/srv/_package_AddTwoInts.lisp, /home/fabio/catkin_ws/devel/share/common-lisp/ros/ROS/srv/_package_AddTwoInts.lisp)
Linked: (/home/fabio/catkin_ws/devel/.private/ROS/share/common-lisp/ros/ROS/srv/_package.lisp, /home/fabio/catkin_ws/devel/share/common-lisp/ros/ROS/srv/_package.lisp)
Linked: (/home/fabio/catkin_ws/devel/.private/ROS/share/common-lisp/ros/ROS/srv/ROS-srv.asd, /home/fabio/catkin_ws/devel/share/common-lisp/ros/ROS/srv/ROS-srv.asd)
Linked: (/home/fabio/catkin_ws/devel/.private/ROS/share/common-lisp/ros/ROS/srv/AddTwoInts.lisp, /home/fabio/catkin_ws/devel/share/common-lisp/ros/ROS/srv/AddTwoInts.lisp)
Linked: (/home/fabio/catkin_ws/devel/.private/ROS/share/common-lisp/ros/ROS/msg/_package_Num.lisp, /home/fabio/catkin_ws/devel/share/common-lisp/ros/ROS/msg/_package_Num.lisp)
Linked: (/home/fabio/catkin_ws/devel/.private/ROS/share/common-lisp/ros/ROS/msg/_package.lisp, /home/fabio/catkin_ws/devel/share/common-lisp/ros/ROS/msg/_package.lisp)
Linked: (/home/fabio/catkin_ws/devel/.private/ROS/share/common-lisp/ros/ROS/msg/ROS-msg.asd, /home/fabio/catkin_ws/devel/share/common-lisp/ros/ROS/msg/ROS-msg.asd)
Linked: (/home/fabio/catkin_ws/devel/.private/ROS/share/common-lisp/ros/ROS/msg/Num.lisp, /home/fabio/catkin_ws/devel/share/common-lisp/ros/ROS/msg/Num.lisp)
Linked: (/home/fabio/catkin_ws/devel/.private/ROS/share/ROS/cmake/ROSConfig-version.cmake, /home/fabio/catkin_ws/devel/share/ROS/cmake/ROSConfig-version.cmake)
Linked: (/home/fabio/catkin_ws/devel/.private/ROS/share/ROS/cmake/ROS-msg-paths.cmake, /home/fabio/catkin_ws/devel/share/ROS/cmake/ROS-msg-paths.cmake)
Linked: (/home/fabio/catkin_ws/devel/.private/ROS/share/ROS/cmake/ROSConfig.cmake, /home/fabio/catkin_ws/devel/share/ROS/cmake/ROSConfig.cmake)
Linked: (/home/fabio/catkin_ws/devel/.private/ROS/share/ROS/cmake/ROS-msg-extras.cmake, /home/fabio/catkin_ws/devel/share/ROS/cmake/ROS-msg-extras.cmake)
Warning: Cannot symlink from /home/fabio/catkin_ws/devel/.private/ROS/share/beginner_tutorials/cmake/beginner_tutorials-msg-paths.cmake to existing file /home/fabio/catkin_ws/devel/share/beginner_tutorials/cmake/beginner_tutorials-msg-paths.cmake
Warning: Source hash: 5ce84d6e8d2f9d91d82d0fd8ddd7ef00
Warning: Dest hash: c630bfe843938dd7f6dbf7274b7a556b
Linked: (/home/fabio/catkin_ws/devel/.private/ROS/share/roseus/ros/ROS/manifest.l, /home/fabio/catkin_ws/devel/share/roseus/ros/ROS/manifest.l)
Linked: (/home/fabio/catkin_ws/devel/.private/ROS/share/roseus/ros/ROS/srv/AddTwoInts.l, /home/fabio/catkin_ws/devel/share/roseus/ros/ROS/srv/AddTwoInts.l)
Linked: (/home/fabio/catkin_ws/devel/.private/ROS/share/roseus/ros/ROS/msg/Num.l, /home/fabio/catkin_ws/devel/share/roseus/ros/ROS/msg/Num.l)
Linked: (/home/fabio/catkin_ws/devel/.private/ROS/include/ROS/AddTwoIntsRequest.h, /home/fabio/catkin_ws/devel/include/ROS/AddTwoIntsRequest.h)
Linked: (/home/fabio/catkin_ws/devel/.private/ROS/include/ROS/AddTwoInts.h, /home/fabio/catkin_ws/devel/include/ROS/AddTwoInts.h)
Linked: (/home/fabio/catkin_ws/devel/.private/ROS/include/ROS/Num.h, /home/fabio/catkin_ws/devel/include/ROS/Num.h)
Linked: (/home/fabio/catkin_ws/devel/.private/ROS/include/ROS/AddTwoIntsResponse.h, /home/fabio/catkin_ws/devel/include/ROS/AddTwoIntsResponse.h)
